Arguments: 
  /home/martiiian/.nvm/versions/node/v14.18.0/bin/node /home/martiiian/.nvm/versions/node/v14.18.0/bin/yarn init

PATH: 
  /home/martiiian/.local/bin:/home/martiiian/yandex-cloud/bin:/home/martiiian/.deno/bin:/home/martiiian/.local/bin:/home/martiiian/yandex-cloud/bin:/home/martiiian/.deno/bin:/home/martiiian/.rvm/gems/ruby-3.0.1/bin:/home/martiiian/.rvm/gems/ruby-3.0.1@global/bin:/home/martiiian/.rvm/rubies/ruby-3.0.1/bin:/home/martiiian/.nvm/versions/node/v14.18.0/bin:/usr/local/sbin:/usr/local/bin:/usr/sbin:/usr/bin:/sbin:/bin:/usr/games:/usr/local/games:/snap/bin:/home/martiiian/.rvm/bin:/home/martiiian/.local/share/JetBrains/Toolbox/scripts:/home/martiiian/.antigen/bundles/robbyrussell/oh-my-zsh/lib:/home/martiiian/.antigen/bundles/robbyrussell/oh-my-zsh/plugins/git:/home/martiiian/.antigen/bundles/robbyrussell/oh-my-zsh/plugins/heroku:/home/martiiian/.antigen/bundles/robbyrussell/oh-my-zsh/plugins/pip:/home/martiiian/.antigen/bundles/robbyrussell/oh-my-zsh/plugins/lein:/home/martiiian/.antigen/bundles/robbyrussell/oh-my-zsh/plugins/command-not-found:/home/martiiian/.antigen/bundles/robbyrussell/oh-my-zsh/plugins/tmux:/home/martiiian/.antigen/bundles/robbyrussell/oh-my-zsh/plugins/docker-compose:/home/martiiian/.antigen/bundles/robbyrussell/oh-my-zsh/plugins/docker-machine:/home/martiiian/.antigen/bundles/robbyrussell/oh-my-zsh/plugins/docker:/home/martiiian/.antigen/bundles/robbyrussell/oh-my-zsh/plugins/rust:/home/martiiian/.antigen/bundles/robbyrussell/oh-my-zsh/plugins/yarn:/home/martiiian/.antigen/bundles/robbyrussell/oh-my-zsh/plugins/ssh-agent:/home/martiiian/.antigen/bundles/mafredri/zsh-async:/home/martiiian/.antigen/bundles/zsh-users/zsh-syntax-highlighting:/home/martiiian/.antigen/bundles/zsh-users/zsh-autosuggestions:/home/martiiian/.antigen/bundles/zsh-users/zsh-completions:/home/martiiian/.fzf/bin:/home/martiiian/.rvm/bin

Yarn version: 
  1.22.19

Node version: 
  14.18.0

Platform: 
  linux x64

Trace: 
  Error: canceled
      at Interface.<anonymous> (/home/martiiian/.nvm/versions/node/v14.18.0/lib/node_modules/yarn/lib/cli.js:137150:13)
      at Interface.emit (events.js:400:28)
      at Interface._ttyWrite (readline.js:1001:16)
      at ReadStream.onkeypress (readline.js:265:10)
      at ReadStream.emit (events.js:400:28)
      at emitKeys (internal/readline/utils.js:358:14)
      at emitKeys.next (<anonymous>)
      at ReadStream.onData (readline.js:1270:36)
      at ReadStream.emit (events.js:400:28)
      at addChunk (internal/streams/readable.js:293:12)

npm manifest: 
  No manifest

yarn manifest: 
  No manifest

Lockfile: 
  No lockfile
